<?xml version="1.0" encoding="UTF-8"?>
<!-- Generated by org.testng.reporters.JUnitXMLReporter -->
<testsuite ignored="0" hostname="BinuBalan" failures="0" tests="4" name="Test" time="95.437" errors="0" timestamp="2026-08-19T21:35:23 IST">
  <testcase classname="testscript1.LoginTest" name="verifyUserIsAbleToLoginWithValidCredentials" time="4.974"/>
  <testcase classname="testscript1.LoginTest" name="verifyUserIsAbleToLoginWithvalidUserNameAndInvalidPassword" time="2.222"/>
  <testcase classname="testscript1.LoginTest" name="verifyUserIsAbleToLoginWithInvalidUserNameAndValidPassword" time="2.411"/>
  <testcase classname="testscript1.LoginTest" name="verifyUserIsAbleToLoginWithInvalidUserNameAndInvalidPassword" time="3.129"/>
</testsuite> <!-- Test -->
