<?xml version="1.0" encoding="UTF-8"?>
<!-- Generated by org.testng.reporters.JUnitXMLReporter -->
<testsuite ignored="0" hostname="BinuBalan" failures="4" tests="18" name="Edge Test" time="225.15" errors="0" timestamp="2026-09-03T01:24:26 IST">
  <testcase classname="testscript1.ManageNewsTest" name="ManageNewsPageIsLoadedWhenMoreInfoClicked" time="7.086"/>
  <testcase classname="testscript1.LoginTest" name="verifyUserIsAbleToLoginWithValidCredentials" time="2.889"/>
  <testcase classname="testscript1.LoginTest" name="verifyUserIsAbleToLoginWithvalidUserNameAndInvalidPassword" time="2.343"/>
  <testcase classname="testscript1.LoginTest" name="verifyUserIsAbleToLoginWithInvalidUserNameAndValidPassword" time="1.784"/>
  <testcase classname="testscript1.LoginTest" name="verifyUserIsAbleToLoginWithInvalidUserNameAndInvalidPassword" time="5.822"/>
  <testcase classname="testscript1.ManageDeliveryBoyTest" name="DeliveryBoyCreation" time="1.761">
    <skipped/>
  </testcase> <!-- DeliveryBoyCreation -->
  <testcase classname="testscript1.ManageDeliveryBoyTest" name="DeliveryBoyCreation" time="2.788">
    <skipped/>
  </testcase> <!-- DeliveryBoyCreation -->
  <testcase classname="testscript1.ManageDeliveryBoyTest" name="DeliveryBoyCreation" time="3.941">
    <failure type="java.lang.NullPointerException" message="Cannot invoke &amp;quot;pages.HomePage.clickManageDeliveryBoyMoreInfo()&amp;quot; because &amp;quot;this.homepage&amp;quot; is null">
      <![CDATA[java.lang.NullPointerException: Cannot invoke "pages.HomePage.clickManageDeliveryBoyMoreInfo()" because "this.homepage" is null
at testscript1.ManageDeliveryBoyTest.DeliveryBoyCreation(ManageDeliveryBoyTest.java:29)
at java.base/java.util.ArrayList.forEach(ArrayList.java:1596)
... Removed 25 stack frames]]>
    </failure>
  </testcase> <!-- DeliveryBoyCreation -->
  <testcase classname="testscript1.HomeTest" name="verifyUserIsAbleToLogout" time="4.637"/>
  <testcase classname="testscript1.CategoryTest" name="CategoriesCreation" time="11.925">
    <skipped/>
  </testcase> <!-- CategoriesCreation -->
  <testcase classname="testscript1.CategoryTest" name="CategoriesCreation" time="14.254">
    <skipped/>
  </testcase> <!-- CategoriesCreation -->
  <testcase classname="testscript1.CategoryTest" name="CategoriesCreation" time="13.086">
    <failure type="org.openqa.selenium.NoSuchElementException" message="no such element: Unable to locate element: {&amp;quot;method&amp;quot;:&amp;quot;xpath&amp;quot;,&amp;quot;selector&amp;quot;:&amp;quot;//div[@class=&amp;apos;alert alert-success alert-dismissible&amp;apos;]&amp;quot;}
  (Session info: MicrosoftEdge=152.0.4191.53)
For documentation on this error, please visit: https://www.selenium.dev/documentation/webdriver/troubleshooting/errors#nosuchelementexception
Build info: version: &amp;apos;4.46.0&amp;apos;, revision: &amp;apos;df5a634 df5a6341cbb5f8f06b836bd595752775627c80dc&amp;apos;
System info: os.name: &amp;apos;Windows 11&amp;apos;, os.arch: &amp;apos;amd64&amp;apos;, os.version: &amp;apos;10.0&amp;apos;, java.version: &amp;apos;21.0.11&amp;apos;
Driver info: org.openqa.selenium.edge.EdgeDriver
Command: [2754deddb586b8e90af0ec270adcded5, findElement {value=//div[@class=&amp;apos;alert alert-success alert-dismissible&amp;apos;], using=xpath}]
Capabilities {acceptInsecureCerts: false, browserName: MicrosoftEdge, browserVersion: 152.0.4191.53, fedcm:accounts: true, goog:processID: 9384, ms:edgeOptions: {debuggerAddress: localhost:52210}, msedge: {msedgedriverVersion: 152.0.4191.53 (4ee8983fdce2..., userDataDir: C:\Users\urmil\AppData\Loca...}, networkConnectionEnabled: false, pageLoadStrategy: normal, platformName: windows, proxy: Proxy(), se:cdp: ws://localhost:52210/devtoo..., se:cdpVersion: 152.0.4191.53, setWindowRect: true, strictFileInteractability: false, timeouts: {implicit: 0, pageLoad: 300000, script: 30000}, unhandledPromptBehavior: dismiss and notify, webauthn:extension:credBlob: true, webauthn:extension:largeBlob: true, webauthn:extension:minPinLength: true, webauthn:extension:prf: true, webauthn:virtualAuthenticators: true}
Session ID: 2754deddb586b8e90af0ec270adcded5">
      <![CDATA[org.openqa.selenium.NoSuchElementException: no such element: Unable to locate element: {"method":"xpath","selector":"//div[@class='alert alert-success alert-dismissible']"}
  (Session info: MicrosoftEdge=152.0.4191.53)
For documentation on this error, please visit: https://www.selenium.dev/documentation/webdriver/troubleshooting/errors#nosuchelementexception
Build info: version: '4.46.0', revision: 'df5a634 df5a6341cbb5f8f06b836bd595752775627c80dc'
System info: os.name: 'Windows 11', os.arch: 'amd64', os.version: '10.0', java.version: '21.0.11'
Driver info: org.openqa.selenium.edge.EdgeDriver
Command: [2754deddb586b8e90af0ec270adcded5, findElement {value=//div[@class='alert alert-success alert-dismissible'], using=xpath}]
Capabilities {acceptInsecureCerts: false, browserName: MicrosoftEdge, browserVersion: 152.0.4191.53, fedcm:accounts: true, goog:processID: 9384, ms:edgeOptions: {debuggerAddress: localhost:52210}, msedge: {msedgedriverVersion: 152.0.4191.53 (4ee8983fdce2..., userDataDir: C:\Users\urmil\AppData\Loca...}, networkConnectionEnabled: false, pageLoadStrategy: normal, platformName: windows, proxy: Proxy(), se:cdp: ws://localhost:52210/devtoo..., se:cdpVersion: 152.0.4191.53, setWindowRect: true, strictFileInteractability: false, timeouts: {implicit: 0, pageLoad: 300000, script: 30000}, unhandledPromptBehavior: dismiss and notify, webauthn:extension:credBlob: true, webauthn:extension:largeBlob: true, webauthn:extension:minPinLength: true, webauthn:extension:prf: true, webauthn:virtualAuthenticators: true}
Session ID: 2754deddb586b8e90af0ec270adcded5
at org.openqa.selenium.remote.ErrorCodec.decode(ErrorCodec.java:169)
at org.openqa.selenium.remote.codec.w3c.W3CHttpResponseCodec.decode(W3CHttpResponseCodec.java:143)
at org.openqa.selenium.remote.codec.w3c.W3CHttpResponseCodec.decode(W3CHttpResponseCodec.java:50)
at org.openqa.selenium.remote.HttpCommandExecutor.execute(HttpCommandExecutor.java:196)
at org.openqa.selenium.remote.service.DriverCommandExecutor.invokeExecute(DriverCommandExecutor.java:217)
at org.openqa.selenium.remote.service.DriverCommandExecutor.execute(DriverCommandExecutor.java:175)
at org.openqa.selenium.remote.RemoteWebDriver.execute(RemoteWebDriver.java:626)
at org.openqa.selenium.remote.ElementLocation$ElementFinder$2.findElement(ElementLocation.java:173)
at org.openqa.selenium.remote.ElementLocation.findElement(ElementLocation.java:60)
at org.openqa.selenium.remote.RemoteWebDriver.findElement(RemoteWebDriver.java:406)
at org.openqa.selenium.remote.RemoteWebDriver.findElement(RemoteWebDriver.java:400)
at org.openqa.selenium.support.pagefactory.DefaultElementLocator.findElement(DefaultElementLocator.java:69)
at org.openqa.selenium.support.pagefactory.internal.LocatingElementHandler.invoke(LocatingElementHandler.java:38)
at jdk.proxy2/jdk.proxy2.$Proxy13.isDisplayed(Unknown Source)
at pages.CategoryPage.isCategoryCreatedSuccessfullyMessageDisplayedOnSuccessfulCategoryAddition(CategoryPage.java:127)
at testscript1.CategoryTest.CategoriesCreation(CategoryTest.java:37)
at java.base/java.util.ArrayList.forEach(ArrayList.java:1596)
... Removed 25 stack frames]]>
    </failure>
  </testcase> <!-- CategoriesCreation -->
  <testcase classname="testscript1.ManageLocationTest" name="manageLocationSPage" time="3.303">
    <skipped/>
  </testcase> <!-- manageLocationSPage -->
  <testcase classname="testscript1.ManageLocationTest" name="manageLocationSPage" time="1.142">
    <skipped/>
  </testcase> <!-- manageLocationSPage -->
  <testcase classname="testscript1.ManageLocationTest" name="manageLocationSPage" time="0.95">
    <failure type="java.lang.NullPointerException" message="Cannot invoke &amp;quot;pages.HomePage.clickManageLocationMoreInfoToNavigateToListLocations()&amp;quot; because &amp;quot;this.homepage&amp;quot; is null">
      <![CDATA[java.lang.NullPointerException: Cannot invoke "pages.HomePage.clickManageLocationMoreInfoToNavigateToListLocations()" because "this.homepage" is null
at testscript1.ManageLocationTest.manageLocationSPage(ManageLocationTest.java:30)
at java.base/java.util.ArrayList.forEach(ArrayList.java:1596)
... Removed 25 stack frames]]>
    </failure>
  </testcase> <!-- manageLocationSPage -->
  <testcase classname="testscript1.AdminUsersTest" name="AdminUsersPageIsLoadedWhenMoreInfoIsClicked" time="2.702">
    <skipped/>
  </testcase> <!-- AdminUsersPageIsLoadedWhenMoreInfoIsClicked -->
  <testcase classname="testscript1.AdminUsersTest" name="AdminUsersPageIsLoadedWhenMoreInfoIsClicked" time="2.307">
    <skipped/>
  </testcase> <!-- AdminUsersPageIsLoadedWhenMoreInfoIsClicked -->
  <testcase classname="testscript1.AdminUsersTest" name="AdminUsersPageIsLoadedWhenMoreInfoIsClicked" time="2.407">
    <failure type="java.lang.NullPointerException" message="Cannot invoke &amp;quot;pages.HomePage.clickAdminUsersMoreInfo()&amp;quot; because &amp;quot;this.homepage&amp;quot; is null">
      <![CDATA[java.lang.NullPointerException: Cannot invoke "pages.HomePage.clickAdminUsersMoreInfo()" because "this.homepage" is null
at testscript1.AdminUsersTest.AdminUsersPageIsLoadedWhenMoreInfoIsClicked(AdminUsersTest.java:30)
at java.base/java.util.ArrayList.forEach(ArrayList.java:1596)
... Removed 25 stack frames]]>
    </failure>
  </testcase> <!-- AdminUsersPageIsLoadedWhenMoreInfoIsClicked -->
</testsuite> <!-- Edge Test -->
