<?xml version="1.0" encoding="UTF-8"?>
<testng-results ignored="0" total="4" passed="4" failed="0" skipped="0">
  <reporter-output>
  </reporter-output>
  <suite started-at="2026-08-19T21:33:45 IST" name="Suite" finished-at="2026-08-19T21:35:21 IST" duration-ms="95437">
    <groups>
      <group name="regression">
        <method signature="LoginTest.verifyUserIsAbleToLoginWithValidCredentials()[pri:1, instance:testscript1.LoginTest@14bdbc74]" name="verifyUserIsAbleToLoginWithValidCredentials" class="testscript1.LoginTest"/>
      </group> <!-- regression -->
    </groups>
    <test started-at="2026-08-19T21:33:45 IST" name="Test" finished-at="2026-08-19T21:35:21 IST" duration-ms="95437">
      <class name="testscript1.LoginTest">
        <test-method is-config="true" signature="browserInitialization(java.lang.String)[pri:0, instance:testscript1.LoginTest@14bdbc74]" started-at="2026-08-19T21:33:45 IST" name="browserInitialization" finished-at="2026-08-19T21:34:52 IST" duration-ms="66426" status="PASS">
          <params>
            <param index="0">
              <value>
                <![CDATA[chrome]]>
              </value>
            </param>
          </params>
          <reporter-output>
          </reporter-output>
        </test-method> <!-- browserInitialization -->
        <test-method signature="verifyUserIsAbleToLoginWithValidCredentials()[pri:1, instance:testscript1.LoginTest@14bdbc74]" started-at="2026-08-19T21:34:52 IST" name="verifyUserIsAbleToLoginWithValidCredentials" finished-at="2026-08-19T21:34:57 IST" duration-ms="4974" status="PASS">
          <reporter-output>
          </reporter-output>
        </test-method> <!-- verifyUserIsAbleToLoginWithValidCredentials -->
        <test-method is-config="true" signature="browserQuit(org.testng.ITestResult)[pri:0, instance:testscript1.LoginTest@14bdbc74]" started-at="2026-08-19T21:34:57 IST" name="browserQuit" finished-at="2026-08-19T21:34:57 IST" duration-ms="4" status="PASS">
          <params>
            <param index="0">
              <value>
                <![CDATA[[TestResult name=verifyUserIsAbleToLoginWithValidCredentials status=SUCCESS method=LoginTest.verifyUserIsAbleToLoginWithValidCredentials()[pri:1, instance:testscript1.LoginTest@14bdbc74] output={null}]]]>
              </value>
            </param>
          </params>
          <reporter-output>
          </reporter-output>
        </test-method> <!-- browserQuit -->
        <test-method is-config="true" signature="browserInitialization(java.lang.String)[pri:0, instance:testscript1.LoginTest@14bdbc74]" started-at="2026-08-19T21:34:57 IST" name="browserInitialization" finished-at="2026-08-19T21:35:01 IST" duration-ms="4600" status="PASS">
          <params>
            <param index="0">
              <value>
                <![CDATA[chrome]]>
              </value>
            </param>
          </params>
          <reporter-output>
          </reporter-output>
        </test-method> <!-- browserInitialization -->
        <test-method signature="verifyUserIsAbleToLoginWithvalidUserNameAndInvalidPassword()[pri:2, instance:testscript1.LoginTest@14bdbc74]" started-at="2026-08-19T21:35:01 IST" name="verifyUserIsAbleToLoginWithvalidUserNameAndInvalidPassword" finished-at="2026-08-19T21:35:04 IST" duration-ms="2222" status="PASS">
          <reporter-output>
          </reporter-output>
        </test-method> <!-- verifyUserIsAbleToLoginWithvalidUserNameAndInvalidPassword -->
        <test-method is-config="true" signature="browserQuit(org.testng.ITestResult)[pri:0, instance:testscript1.LoginTest@14bdbc74]" started-at="2026-08-19T21:35:04 IST" name="browserQuit" finished-at="2026-08-19T21:35:04 IST" duration-ms="1" status="PASS">
          <params>
            <param index="0">
              <value>
                <![CDATA[[TestResult name=verifyUserIsAbleToLoginWithvalidUserNameAndInvalidPassword status=SUCCESS method=LoginTest.verifyUserIsAbleToLoginWithvalidUserNameAndInvalidPassword()[pri:2, instance:testscript1.LoginTest@14bdbc74] output={null}]]]>
              </value>
            </param>
          </params>
          <reporter-output>
          </reporter-output>
        </test-method> <!-- browserQuit -->
        <test-method is-config="true" signature="browserInitialization(java.lang.String)[pri:0, instance:testscript1.LoginTest@14bdbc74]" started-at="2026-08-19T21:35:04 IST" name="browserInitialization" finished-at="2026-08-19T21:35:08 IST" duration-ms="4836" status="PASS">
          <params>
            <param index="0">
              <value>
                <![CDATA[chrome]]>
              </value>
            </param>
          </params>
          <reporter-output>
          </reporter-output>
        </test-method> <!-- browserInitialization -->
        <test-method signature="verifyUserIsAbleToLoginWithInvalidUserNameAndValidPassword()[pri:3, instance:testscript1.LoginTest@14bdbc74]" started-at="2026-08-19T21:35:08 IST" name="verifyUserIsAbleToLoginWithInvalidUserNameAndValidPassword" finished-at="2026-08-19T21:35:11 IST" duration-ms="2411" status="PASS">
          <reporter-output>
          </reporter-output>
        </test-method> <!-- verifyUserIsAbleToLoginWithInvalidUserNameAndValidPassword -->
        <test-method is-config="true" signature="browserQuit(org.testng.ITestResult)[pri:0, instance:testscript1.LoginTest@14bdbc74]" started-at="2026-08-19T21:35:11 IST" name="browserQuit" finished-at="2026-08-19T21:35:11 IST" duration-ms="1" status="PASS">
          <params>
            <param index="0">
              <value>
                <![CDATA[[TestResult name=verifyUserIsAbleToLoginWithInvalidUserNameAndValidPassword status=SUCCESS method=LoginTest.verifyUserIsAbleToLoginWithInvalidUserNameAndValidPassword()[pri:3, instance:testscript1.LoginTest@14bdbc74] output={null}]]]>
              </value>
            </param>
          </params>
          <reporter-output>
          </reporter-output>
        </test-method> <!-- browserQuit -->
        <test-method is-config="true" signature="browserInitialization(java.lang.String)[pri:0, instance:testscript1.LoginTest@14bdbc74]" started-at="2026-08-19T21:35:11 IST" name="browserInitialization" finished-at="2026-08-19T21:35:18 IST" duration-ms="6703" status="PASS">
          <params>
            <param index="0">
              <value>
                <![CDATA[chrome]]>
              </value>
            </param>
          </params>
          <reporter-output>
          </reporter-output>
        </test-method> <!-- browserInitialization -->
        <test-method signature="verifyUserIsAbleToLoginWithInvalidUserNameAndInvalidPassword()[pri:4, instance:testscript1.LoginTest@14bdbc74]" started-at="2026-08-19T21:35:18 IST" name="verifyUserIsAbleToLoginWithInvalidUserNameAndInvalidPassword" finished-at="2026-08-19T21:35:21 IST" duration-ms="3129" status="PASS">
          <reporter-output>
          </reporter-output>
        </test-method> <!-- verifyUserIsAbleToLoginWithInvalidUserNameAndInvalidPassword -->
        <test-method is-config="true" signature="browserQuit(org.testng.ITestResult)[pri:0, instance:testscript1.LoginTest@14bdbc74]" started-at="2026-08-19T21:35:21 IST" name="browserQuit" finished-at="2026-08-19T21:35:21 IST" duration-ms="1" status="PASS">
          <params>
            <param index="0">
              <value>
                <![CDATA[[TestResult name=verifyUserIsAbleToLoginWithInvalidUserNameAndInvalidPassword status=SUCCESS method=LoginTest.verifyUserIsAbleToLoginWithInvalidUserNameAndInvalidPassword()[pri:4, instance:testscript1.LoginTest@14bdbc74] output={null}]]]>
              </value>
            </param>
          </params>
          <reporter-output>
          </reporter-output>
        </test-method> <!-- browserQuit -->
      </class> <!-- testscript1.LoginTest -->
    </test> <!-- Test -->
  </suite> <!-- Suite -->
</testng-results>
