<?xml version="1.0" encoding="UTF-8"?>
<!-- Generated by org.testng.reporters.JUnitXMLReporter -->
<testsuite ignored="3" hostname="BinuBalan" failures="2" tests="11" name="Chrome Test" time="98.428" errors="0" timestamp="2026-08-17T22:36:09 IST">
  <testcase classname="testscript1.ManageNewsTest" name="ManageNewsPageIsLoadedWhenMoreInfoClicked" time="6.094"/>
  <testcase classname="testscript1.LoginTest" name="verifyUserIsAbleToLoginWithValidCredentials" time="1.375"/>
  <testcase classname="testscript1.ManageDeliveryBoyTest" name="DeliveryBoyCreation" time="8.264">
    <skipped/>
  </testcase> <!-- DeliveryBoyCreation -->
  <testcase classname="testscript1.ManageDeliveryBoyTest" name="DeliveryBoyCreation" time="8.331">
    <skipped/>
  </testcase> <!-- DeliveryBoyCreation -->
  <testcase classname="testscript1.ManageDeliveryBoyTest" name="DeliveryBoyCreation" time="8.076">
    <failure type="org.openqa.selenium.NoSuchElementException" message="no such element: Unable to locate element: {&amp;quot;method&amp;quot;:&amp;quot;xpath&amp;quot;,&amp;quot;selector&amp;quot;:&amp;quot;//div[@class=&amp;apos;alert alert-success alert-dismissible&amp;apos;]&amp;quot;}
  (Session info: chrome=151.0.7922.138)
For documentation on this error, please visit: https://www.selenium.dev/documentation/webdriver/troubleshooting/errors#nosuchelementexception
Build info: version: &amp;apos;4.46.0&amp;apos;, revision: &amp;apos;df5a634 df5a6341cbb5f8f06b836bd595752775627c80dc&amp;apos;
System info: os.name: &amp;apos;Windows 11&amp;apos;, os.arch: &amp;apos;amd64&amp;apos;, os.version: &amp;apos;10.0&amp;apos;, java.version: &amp;apos;21.0.11&amp;apos;
Driver info: org.openqa.selenium.chrome.ChromeDriver
Command: [4edccc017d78c5668ea01efd6f6fe22a, findElement {value=//div[@class=&amp;apos;alert alert-success alert-dismissible&amp;apos;], using=xpath}]
Capabilities {acceptInsecureCerts: false, browserName: chrome, browserVersion: 151.0.7922.138, chrome: {chromedriverVersion: 151.0.7922.138 (41fa8244239..., userDataDir: C:\Users\urmil\AppData\Loca...}, fedcm:accounts: true, goog:chromeOptions: {debuggerAddress: localhost:55611}, goog:processID: 28640, networkConnectionEnabled: false, pageLoadStrategy: normal, platformName: windows, proxy: Proxy(), se:cdp: ws://localhost:55611/devtoo..., se:cdpVersion: 151.0.7922.138, setWindowRect: true, strictFileInteractability: false, timeouts: {implicit: 0, pageLoad: 300000, script: 30000}, unhandledPromptBehavior: dismiss and notify, webauthn:extension:credBlob: true, webauthn:extension:largeBlob: true, webauthn:extension:minPinLength: true, webauthn:extension:prf: true, webauthn:virtualAuthenticators: true}
Session ID: 4edccc017d78c5668ea01efd6f6fe22a">
      <![CDATA[org.openqa.selenium.NoSuchElementException: no such element: Unable to locate element: {"method":"xpath","selector":"//div[@class='alert alert-success alert-dismissible']"}
  (Session info: chrome=151.0.7922.138)
For documentation on this error, please visit: https://www.selenium.dev/documentation/webdriver/troubleshooting/errors#nosuchelementexception
Build info: version: '4.46.0', revision: 'df5a634 df5a6341cbb5f8f06b836bd595752775627c80dc'
System info: os.name: 'Windows 11', os.arch: 'amd64', os.version: '10.0', java.version: '21.0.11'
Driver info: org.openqa.selenium.chrome.ChromeDriver
Command: [4edccc017d78c5668ea01efd6f6fe22a, findElement {value=//div[@class='alert alert-success alert-dismissible'], using=xpath}]
Capabilities {acceptInsecureCerts: false, browserName: chrome, browserVersion: 151.0.7922.138, chrome: {chromedriverVersion: 151.0.7922.138 (41fa8244239..., userDataDir: C:\Users\urmil\AppData\Loca...}, fedcm:accounts: true, goog:chromeOptions: {debuggerAddress: localhost:55611}, goog:processID: 28640, networkConnectionEnabled: false, pageLoadStrategy: normal, platformName: windows, proxy: Proxy(), se:cdp: ws://localhost:55611/devtoo..., se:cdpVersion: 151.0.7922.138, setWindowRect: true, strictFileInteractability: false, timeouts: {implicit: 0, pageLoad: 300000, script: 30000}, unhandledPromptBehavior: dismiss and notify, webauthn:extension:credBlob: true, webauthn:extension:largeBlob: true, webauthn:extension:minPinLength: true, webauthn:extension:prf: true, webauthn:virtualAuthenticators: true}
Session ID: 4edccc017d78c5668ea01efd6f6fe22a
at org.openqa.selenium.remote.ErrorCodec.decode(ErrorCodec.java:169)
at org.openqa.selenium.remote.codec.w3c.W3CHttpResponseCodec.decode(W3CHttpResponseCodec.java:143)
at org.openqa.selenium.remote.codec.w3c.W3CHttpResponseCodec.decode(W3CHttpResponseCodec.java:50)
at org.openqa.selenium.remote.HttpCommandExecutor.execute(HttpCommandExecutor.java:196)
at org.openqa.selenium.remote.service.DriverCommandExecutor.invokeExecute(DriverCommandExecutor.java:217)
at org.openqa.selenium.remote.service.DriverCommandExecutor.execute(DriverCommandExecutor.java:175)
at org.openqa.selenium.remote.RemoteWebDriver.execute(RemoteWebDriver.java:626)
at org.openqa.selenium.remote.ElementLocation$ElementFinder$2.findElement(ElementLocation.java:173)
at org.openqa.selenium.remote.ElementLocation.findElement(ElementLocation.java:60)
at org.openqa.selenium.remote.RemoteWebDriver.findElement(RemoteWebDriver.java:406)
at org.openqa.selenium.remote.RemoteWebDriver.findElement(RemoteWebDriver.java:400)
at org.openqa.selenium.support.pagefactory.DefaultElementLocator.findElement(DefaultElementLocator.java:69)
at org.openqa.selenium.support.pagefactory.internal.LocatingElementHandler.invoke(LocatingElementHandler.java:38)
at jdk.proxy2/jdk.proxy2.$Proxy13.isDisplayed(Unknown Source)
at pages.ManageDeliveryBoyPage.isSuccessAlertDisplayedOnSuccessfulDeliveryBoyAddition(ManageDeliveryBoyPage.java:97)
at testscript1.ManageDeliveryBoyTest.DeliveryBoyCreation(ManageDeliveryBoyTest.java:47)
at java.base/java.util.ArrayList.forEach(ArrayList.java:1596)
... Removed 25 stack frames]]>
    </failure>
  </testcase> <!-- DeliveryBoyCreation -->
  <testcase classname="testscript1.LogoutTest" name="verifyUserIsAbleToLogout" time="2.027"/>
  <testcase classname="testscript1.CategoryTest" name="CategoriesCreation" time="4.826"/>
  <testcase classname="testscript1.ManageLocationTest" name="manageLocationSPage" time="6.374"/>
  <testcase classname="testscript1.AdminUsersTest" name="AdminUSersPageIsLoadedWhenMoreInfoIsClicked" time="8.338">
    <skipped/>
  </testcase> <!-- AdminUSersPageIsLoadedWhenMoreInfoIsClicked -->
  <testcase classname="testscript1.AdminUsersTest" name="AdminUSersPageIsLoadedWhenMoreInfoIsClicked" time="8.304">
    <skipped/>
  </testcase> <!-- AdminUSersPageIsLoadedWhenMoreInfoIsClicked -->
  <testcase classname="testscript1.AdminUsersTest" name="AdminUSersPageIsLoadedWhenMoreInfoIsClicked" time="8.537">
    <failure type="org.openqa.selenium.NoSuchElementException" message="no such element: Unable to locate element: {&amp;quot;method&amp;quot;:&amp;quot;xpath&amp;quot;,&amp;quot;selector&amp;quot;:&amp;quot;//div[@class=&amp;apos;alert alert-success alert-dismissible&amp;apos;]&amp;quot;}
  (Session info: chrome=151.0.7922.138)
For documentation on this error, please visit: https://www.selenium.dev/documentation/webdriver/troubleshooting/errors#nosuchelementexception
Build info: version: &amp;apos;4.46.0&amp;apos;, revision: &amp;apos;df5a634 df5a6341cbb5f8f06b836bd595752775627c80dc&amp;apos;
System info: os.name: &amp;apos;Windows 11&amp;apos;, os.arch: &amp;apos;amd64&amp;apos;, os.version: &amp;apos;10.0&amp;apos;, java.version: &amp;apos;21.0.11&amp;apos;
Driver info: org.openqa.selenium.chrome.ChromeDriver
Command: [f33e703655f3b38edaac0a427ff6c729, findElement {value=//div[@class=&amp;apos;alert alert-success alert-dismissible&amp;apos;], using=xpath}]
Capabilities {acceptInsecureCerts: false, browserName: chrome, browserVersion: 151.0.7922.138, chrome: {chromedriverVersion: 151.0.7922.138 (41fa8244239..., userDataDir: C:\Users\urmil\AppData\Loca...}, fedcm:accounts: true, goog:chromeOptions: {debuggerAddress: localhost:62205}, goog:processID: 23836, networkConnectionEnabled: false, pageLoadStrategy: normal, platformName: windows, proxy: Proxy(), se:cdp: ws://localhost:62205/devtoo..., se:cdpVersion: 151.0.7922.138, setWindowRect: true, strictFileInteractability: false, timeouts: {implicit: 0, pageLoad: 300000, script: 30000}, unhandledPromptBehavior: dismiss and notify, webauthn:extension:credBlob: true, webauthn:extension:largeBlob: true, webauthn:extension:minPinLength: true, webauthn:extension:prf: true, webauthn:virtualAuthenticators: true}
Session ID: f33e703655f3b38edaac0a427ff6c729">
      <![CDATA[org.openqa.selenium.NoSuchElementException: no such element: Unable to locate element: {"method":"xpath","selector":"//div[@class='alert alert-success alert-dismissible']"}
  (Session info: chrome=151.0.7922.138)
For documentation on this error, please visit: https://www.selenium.dev/documentation/webdriver/troubleshooting/errors#nosuchelementexception
Build info: version: '4.46.0', revision: 'df5a634 df5a6341cbb5f8f06b836bd595752775627c80dc'
System info: os.name: 'Windows 11', os.arch: 'amd64', os.version: '10.0', java.version: '21.0.11'
Driver info: org.openqa.selenium.chrome.ChromeDriver
Command: [f33e703655f3b38edaac0a427ff6c729, findElement {value=//div[@class='alert alert-success alert-dismissible'], using=xpath}]
Capabilities {acceptInsecureCerts: false, browserName: chrome, browserVersion: 151.0.7922.138, chrome: {chromedriverVersion: 151.0.7922.138 (41fa8244239..., userDataDir: C:\Users\urmil\AppData\Loca...}, fedcm:accounts: true, goog:chromeOptions: {debuggerAddress: localhost:62205}, goog:processID: 23836, networkConnectionEnabled: false, pageLoadStrategy: normal, platformName: windows, proxy: Proxy(), se:cdp: ws://localhost:62205/devtoo..., se:cdpVersion: 151.0.7922.138, setWindowRect: true, strictFileInteractability: false, timeouts: {implicit: 0, pageLoad: 300000, script: 30000}, unhandledPromptBehavior: dismiss and notify, webauthn:extension:credBlob: true, webauthn:extension:largeBlob: true, webauthn:extension:minPinLength: true, webauthn:extension:prf: true, webauthn:virtualAuthenticators: true}
Session ID: f33e703655f3b38edaac0a427ff6c729
at org.openqa.selenium.remote.ErrorCodec.decode(ErrorCodec.java:169)
at org.openqa.selenium.remote.codec.w3c.W3CHttpResponseCodec.decode(W3CHttpResponseCodec.java:143)
at org.openqa.selenium.remote.codec.w3c.W3CHttpResponseCodec.decode(W3CHttpResponseCodec.java:50)
at org.openqa.selenium.remote.HttpCommandExecutor.execute(HttpCommandExecutor.java:196)
at org.openqa.selenium.remote.service.DriverCommandExecutor.invokeExecute(DriverCommandExecutor.java:217)
at org.openqa.selenium.remote.service.DriverCommandExecutor.execute(DriverCommandExecutor.java:175)
at org.openqa.selenium.remote.RemoteWebDriver.execute(RemoteWebDriver.java:626)
at org.openqa.selenium.remote.ElementLocation$ElementFinder$2.findElement(ElementLocation.java:173)
at org.openqa.selenium.remote.ElementLocation.findElement(ElementLocation.java:60)
at org.openqa.selenium.remote.RemoteWebDriver.findElement(RemoteWebDriver.java:406)
at org.openqa.selenium.remote.RemoteWebDriver.findElement(RemoteWebDriver.java:400)
at org.openqa.selenium.support.pagefactory.DefaultElementLocator.findElement(DefaultElementLocator.java:69)
at org.openqa.selenium.support.pagefactory.internal.LocatingElementHandler.invoke(LocatingElementHandler.java:38)
at jdk.proxy2/jdk.proxy2.$Proxy13.isDisplayed(Unknown Source)
at pages.AdminUsersPage.IsAdminUserSuccessAlertMessageDisplayed(AdminUsersPage.java:91)
at testscript1.AdminUsersTest.AdminUSersPageIsLoadedWhenMoreInfoIsClicked(AdminUsersTest.java:44)
at java.base/java.util.ArrayList.forEach(ArrayList.java:1596)
... Removed 25 stack frames]]>
    </failure>
  </testcase> <!-- AdminUSersPageIsLoadedWhenMoreInfoIsClicked -->
  <testcase classname="testscript1.LoginTest" name="verifyUserIsAbleToLoginWithInvalidUserNameAndInvalidPassword" time="0.0">
    <ignored/>
  </testcase> <!-- verifyUserIsAbleToLoginWithInvalidUserNameAndInvalidPassword -->
  <testcase classname="testscript1.LoginTest" name="verifyUserIsAbleToLoginWithvalidUserNameAndInvalidPassword" time="0.0">
    <ignored/>
  </testcase> <!-- verifyUserIsAbleToLoginWithvalidUserNameAndInvalidPassword -->
  <testcase classname="testscript1.LoginTest" name="verifyUserIsAbleToLoginWithInvalidUserNameAndValidPassword" time="0.0">
    <ignored/>
  </testcase> <!-- verifyUserIsAbleToLoginWithInvalidUserNameAndValidPassword -->
</testsuite> <!-- Chrome Test -->
