<?xml version="1.0" encoding="UTF-8"?>
<!-- Generated by org.testng.reporters.JUnitReportReporter -->
<testsuite hostname="BinuBalan" failures="0" tests="2" name="testscript1.ManageNewsTest" time="43.250" errors="0" timestamp="2026-09-03T01:24:27 IST" skipped="0">
  <testcase classname="testscript1.ManageNewsTest" name="ManageNewsPageIsLoadedWhenMoreInfoClicked" time="21.652"/>
  <testcase classname="testscript1.ManageNewsTest" name="ManageNewsPageIsLoadedWhenMoreInfoClicked" time="21.598"/>
</testsuite> <!-- testscript1.ManageNewsTest -->
