<?xml version="1.0" encoding="UTF-8"?>
<!-- Generated by org.testng.reporters.JUnitReportReporter -->
<testsuite hostname="BinuBalan" failures="0" tests="4" name="testscript1.LoginTest" time="95.308" errors="0" timestamp="2026-08-19T21:35:23 IST" skipped="0">
  <testcase classname="testscript1.LoginTest" name="verifyUserIsAbleToLoginWithValidCredentials" time="9.578"/>
  <testcase classname="testscript1.LoginTest" name="verifyUserIsAbleToLoginWithvalidUserNameAndInvalidPassword" time="8.926"/>
  <testcase classname="testscript1.LoginTest" name="verifyUserIsAbleToLoginWithInvalidUserNameAndValidPassword" time="7.248"/>
  <testcase classname="testscript1.LoginTest" name="verifyUserIsAbleToLoginWithInvalidUserNameAndInvalidPassword" time="69.556"/>
</testsuite> <!-- testscript1.LoginTest -->
